<?xml version="1.0" encoding="UTF-8"?>
<coverage generated="1774307891241" clover="3.2.0">
  <project timestamp="1774307891241" name="All files">
    <metrics statements="116" coveredstatements="114" conditionals="30" coveredconditionals="29" methods="2" coveredmethods="2" elements="148" coveredelements="145" complexity="0" loc="116" ncloc="116" packages="1" files="1" classes="1"/>
    <file name="index.js" path="C:\Users\user pc\Desktop\BACKEND\Liquifact-backend\src\index.js">
      <metrics statements="116" coveredstatements="114" conditionals="30" coveredconditionals="29" methods="2" coveredmethods="2"/>
      <line num="6" count="1" type="stmt"/>
      <line num="7" count="1" type="stmt"/>
      <line num="8" count="1" type="stmt"/>
      <line num="10" count="1" type="stmt"/>
      <line num="11" count="1" type="stmt"/>
      <line num="13" count="1" type="stmt"/>
      <line num="14" count="1" type="stmt"/>
      <line num="17" count="1" type="stmt"/>
      <line num="27" count="1" type="cond" truecount="1" falsecount="0"/>
      <line num="28" count="1" type="stmt"/>
      <line num="29" count="1" type="stmt"/>
      <line num="30" count="1" type="stmt"/>
      <line num="31" count="1" type="stmt"/>
      <line num="32" count="1" type="stmt"/>
      <line num="33" count="1" type="stmt"/>
      <line num="34" count="1" type="stmt"/>
      <line num="44" count="1" type="cond" truecount="1" falsecount="0"/>
      <line num="45" count="1" type="stmt"/>
      <line num="46" count="1" type="stmt"/>
      <line num="47" count="1" type="stmt"/>
      <line num="48" count="1" type="stmt"/>
      <line num="49" count="1" type="stmt"/>
      <line num="50" count="1" type="stmt"/>
      <line num="51" count="1" type="stmt"/>
      <line num="52" count="1" type="stmt"/>
      <line num="53" count="1" type="stmt"/>
      <line num="54" count="1" type="stmt"/>
      <line num="64" count="1" type="cond" truecount="1" falsecount="0"/>
      <line num="65" count="4" type="stmt"/>
      <line num="66" count="4" type="cond" truecount="1" falsecount="0"/>
      <line num="67" count="1" type="cond" truecount="1" falsecount="0"/>
      <line num="68" count="3" type="cond" truecount="1" falsecount="0"/>
      <line num="70" count="4" type="stmt"/>
      <line num="71" count="4" type="stmt"/>
      <line num="72" count="4" type="cond" truecount="2" falsecount="0"/>
      <line num="73" count="4" type="stmt"/>
      <line num="74" count="4" type="stmt"/>
      <line num="84" count="1" type="cond" truecount="1" falsecount="0"/>
      <line num="85" count="8" type="stmt"/>
      <line num="87" count="8" type="cond" truecount="1" falsecount="0"/>
      <line num="88" count="1" type="stmt"/>
      <line num="89" count="1" type="cond" truecount="1" falsecount="0"/>
      <line num="91" count="7" type="stmt"/>
      <line num="92" count="7" type="stmt"/>
      <line num="93" count="7" type="stmt"/>
      <line num="94" count="7" type="stmt"/>
      <line num="95" count="7" type="stmt"/>
      <line num="96" count="7" type="stmt"/>
      <line num="97" count="7" type="stmt"/>
      <line num="98" count="7" type="stmt"/>
      <line num="100" count="7" type="stmt"/>
      <line num="102" count="7" type="stmt"/>
      <line num="103" count="7" type="stmt"/>
      <line num="104" count="7" type="stmt"/>
      <line num="105" count="7" type="stmt"/>
      <line num="106" count="7" type="stmt"/>
      <line num="116" count="1" type="cond" truecount="1" falsecount="0"/>
      <line num="117" count="5" type="stmt"/>
      <line num="118" count="5" type="cond" truecount="1" falsecount="0"/>
      <line num="120" count="5" type="cond" truecount="1" falsecount="0"/>
      <line num="121" count="1" type="stmt"/>
      <line num="122" count="1" type="cond" truecount="1" falsecount="0"/>
      <line num="124" count="5" type="cond" truecount="1" falsecount="0"/>
      <line num="125" count="1" type="stmt"/>
      <line num="126" count="1" type="cond" truecount="1" falsecount="0"/>
      <line num="128" count="3" type="stmt"/>
      <line num="130" count="3" type="stmt"/>
      <line num="131" count="3" type="stmt"/>
      <line num="132" count="3" type="stmt"/>
      <line num="133" count="3" type="stmt"/>
      <line num="134" count="3" type="stmt"/>
      <line num="144" count="1" type="cond" truecount="1" falsecount="0"/>
      <line num="145" count="3" type="stmt"/>
      <line num="146" count="3" type="cond" truecount="1" falsecount="0"/>
      <line num="148" count="3" type="cond" truecount="1" falsecount="0"/>
      <line num="149" count="1" type="stmt"/>
      <line num="150" count="1" type="cond" truecount="1" falsecount="0"/>
      <line num="152" count="3" type="cond" truecount="1" falsecount="0"/>
      <line num="153" count="1" type="stmt"/>
      <line num="154" count="1" type="stmt"/>
      <line num="156" count="1" type="stmt"/>
      <line num="158" count="1" type="stmt"/>
      <line num="159" count="1" type="stmt"/>
      <line num="160" count="1" type="stmt"/>
      <line num="161" count="1" type="stmt"/>
      <line num="162" count="1" type="stmt"/>
      <line num="172" count="1" type="cond" truecount="1" falsecount="0"/>
      <line num="173" count="1" type="stmt"/>
      <line num="174" count="1" type="stmt"/>
      <line num="175" count="1" type="stmt"/>
      <line num="176" count="1" type="stmt"/>
      <line num="177" count="1" type="stmt"/>
      <line num="178" count="1" type="stmt"/>
      <line num="188" count="1" type="cond" truecount="1" falsecount="0"/>
      <line num="189" count="2" type="cond" truecount="1" falsecount="0"/>
      <line num="190" count="1" type="stmt"/>
      <line num="191" count="1" type="stmt"/>
      <line num="192" count="1" type="stmt"/>
      <line num="193" count="1" type="stmt"/>
      <line num="205" count="1" type="cond" truecount="1" falsecount="0"/>
      <line num="206" count="1" type="stmt"/>
      <line num="207" count="1" type="stmt"/>
      <line num="208" count="1" type="stmt"/>
      <line num="215" count="1" type="cond" truecount="1" falsecount="0"/>
      <line num="216" count="1" type="cond" truecount="1" falsecount="0"/>
      <line num="217" count="1" type="stmt"/>
      <line num="218" count="1" type="stmt"/>
      <line num="219" count="1" type="stmt"/>
      <line num="220" count="1" type="stmt"/>
      <line num="227" count="1" type="cond" truecount="1" falsecount="0"/>
      <line num="228" count="13" type="stmt"/>
      <line num="229" count="13" type="stmt"/>
      <line num="232" count="1" type="cond" truecount="0" falsecount="1"/>
      <line num="233" count="0" type="stmt"/>
      <line num="234" count="0" type="stmt"/>
      <line num="237" count="1" type="stmt"/>
    </file>
  </project>
</coverage>
