{"C:\\Users\\user pc\\Desktop\\BACKEND\\Liquifact-backend\\src\\index.js": {"path":"C:\\Users\\user pc\\Desktop\\BACKEND\\Liquifact-backend\\src\\index.js","all":false,"statementMap":{"5":{"start":{"line":6,"column":0},"end":{"line":6,"column":35}},"6":{"start":{"line":7,"column":0},"end":{"line":7,"column":29}},"7":{"start":{"line":8,"column":0},"end":{"line":8,"column":27}},"9":{"start":{"line":10,"column":0},"end":{"line":10,"column":22}},"10":{"start":{"line":11,"column":0},"end":{"line":11,"column":38}},"12":{"start":{"line":13,"column":0},"end":{"line":13,"column":16}},"13":{"start":{"line":14,"column":0},"end":{"line":14,"column":24}},"16":{"start":{"line":17,"column":0},"end":{"line":17,"column":18}},"26":{"start":{"line":27,"column":0},"end":{"line":27,"column":34}},"27":{"start":{"line":28,"column":0},"end":{"line":28,"column":19}},"28":{"start":{"line":29,"column":0},"end":{"line":29,"column":17}},"29":{"start":{"line":30,"column":0},"end":{"line":30,"column":29}},"30":{"start":{"line":31,"column":0},"end":{"line":31,"column":21}},"31":{"start":{"line":32,"column":0},"end":{"line":32,"column":40}},"32":{"start":{"line":33,"column":0},"end":{"line":33,"column":5}},"33":{"start":{"line":34,"column":0},"end":{"line":34,"column":3}},"43":{"start":{"line":44,"column":0},"end":{"line":44,"column":31}},"44":{"start":{"line":45,"column":0},"end":{"line":45,"column":19}},"45":{"start":{"line":46,"column":0},"end":{"line":46,"column":26}},"46":{"start":{"line":47,"column":0},"end":{"line":47,"column":63}},"47":{"start":{"line":48,"column":0},"end":{"line":48,"column":16}},"48":{"start":{"line":49,"column":0},"end":{"line":49,"column":28}},"49":{"start":{"line":50,"column":0},"end":{"line":50,"column":41}},"50":{"start":{"line":51,"column":0},"end":{"line":51,"column":37}},"51":{"start":{"line":52,"column":0},"end":{"line":52,"column":6}},"52":{"start":{"line":53,"column":0},"end":{"line":53,"column":5}},"53":{"start":{"line":54,"column":0},"end":{"line":54,"column":3}},"63":{"start":{"line":64,"column":0},"end":{"line":64,"column":40}},"64":{"start":{"line":65,"column":0},"end":{"line":65,"column":61}},"65":{"start":{"line":66,"column":0},"end":{"line":66,"column":42}},"66":{"start":{"line":67,"column":0},"end":{"line":67,"column":15}},"67":{"start":{"line":68,"column":0},"end":{"line":68,"column":45}},"69":{"start":{"line":70,"column":0},"end":{"line":70,"column":19}},"70":{"start":{"line":71,"column":0},"end":{"line":71,"column":27}},"71":{"start":{"line":72,"column":0},"end":{"line":72,"column":103}},"72":{"start":{"line":73,"column":0},"end":{"line":73,"column":5}},"73":{"start":{"line":74,"column":0},"end":{"line":74,"column":3}},"83":{"start":{"line":84,"column":0},"end":{"line":84,"column":41}},"84":{"start":{"line":85,"column":0},"end":{"line":85,"column":40}},"86":{"start":{"line":87,"column":0},"end":{"line":87,"column":29}},"87":{"start":{"line":88,"column":0},"end":{"line":88,"column":79}},"88":{"start":{"line":89,"column":0},"end":{"line":89,"column":3}},"90":{"start":{"line":91,"column":0},"end":{"line":91,"column":22}},"91":{"start":{"line":92,"column":0},"end":{"line":92,"column":64}},"92":{"start":{"line":93,"column":0},"end":{"line":93,"column":11}},"93":{"start":{"line":94,"column":0},"end":{"line":94,"column":13}},"94":{"start":{"line":95,"column":0},"end":{"line":95,"column":35}},"95":{"start":{"line":96,"column":0},"end":{"line":96,"column":40}},"96":{"start":{"line":97,"column":0},"end":{"line":97,"column":20}},"97":{"start":{"line":98,"column":0},"end":{"line":98,"column":4}},"99":{"start":{"line":100,"column":0},"end":{"line":100,"column":28}},"101":{"start":{"line":102,"column":0},"end":{"line":102,"column":31}},"102":{"start":{"line":103,"column":0},"end":{"line":103,"column":21}},"103":{"start":{"line":104,"column":0},"end":{"line":104,"column":46}},"104":{"start":{"line":105,"column":0},"end":{"line":105,"column":5}},"105":{"start":{"line":106,"column":0},"end":{"line":106,"column":3}},"115":{"start":{"line":116,"column":0},"end":{"line":116,"column":47}},"116":{"start":{"line":117,"column":0},"end":{"line":117,"column":28}},"117":{"start":{"line":118,"column":0},"end":{"line":118,"column":64}},"119":{"start":{"line":120,"column":0},"end":{"line":120,"column":28}},"120":{"start":{"line":121,"column":0},"end":{"line":121,"column":64}},"121":{"start":{"line":122,"column":0},"end":{"line":122,"column":3}},"123":{"start":{"line":124,"column":0},"end":{"line":124,"column":41}},"124":{"start":{"line":125,"column":0},"end":{"line":125,"column":73}},"125":{"start":{"line":126,"column":0},"end":{"line":126,"column":3}},"127":{"start":{"line":128,"column":0},"end":{"line":128,"column":62}},"129":{"start":{"line":130,"column":0},"end":{"line":130,"column":19}},"130":{"start":{"line":131,"column":0},"end":{"line":131,"column":50}},"131":{"start":{"line":132,"column":0},"end":{"line":132,"column":33}},"132":{"start":{"line":133,"column":0},"end":{"line":133,"column":5}},"133":{"start":{"line":134,"column":0},"end":{"line":134,"column":3}},"143":{"start":{"line":144,"column":0},"end":{"line":144,"column":54}},"144":{"start":{"line":145,"column":0},"end":{"line":145,"column":28}},"145":{"start":{"line":146,"column":0},"end":{"line":146,"column":64}},"147":{"start":{"line":148,"column":0},"end":{"line":148,"column":28}},"148":{"start":{"line":149,"column":0},"end":{"line":149,"column":64}},"149":{"start":{"line":150,"column":0},"end":{"line":150,"column":3}},"151":{"start":{"line":152,"column":0},"end":{"line":152,"column":42}},"152":{"start":{"line":153,"column":0},"end":{"line":153,"column":69}},"153":{"start":{"line":154,"column":0},"end":{"line":154,"column":3}},"155":{"start":{"line":156,"column":0},"end":{"line":156,"column":42}},"157":{"start":{"line":158,"column":0},"end":{"line":158,"column":19}},"158":{"start":{"line":159,"column":0},"end":{"line":159,"column":46}},"159":{"start":{"line":160,"column":0},"end":{"line":160,"column":33}},"160":{"start":{"line":161,"column":0},"end":{"line":161,"column":5}},"161":{"start":{"line":162,"column":0},"end":{"line":162,"column":3}},"171":{"start":{"line":172,"column":0},"end":{"line":172,"column":49}},"172":{"start":{"line":173,"column":0},"end":{"line":173,"column":35}},"173":{"start":{"line":174,"column":0},"end":{"line":174,"column":19}},"174":{"start":{"line":175,"column":0},"end":{"line":175,"column":62}},"175":{"start":{"line":176,"column":0},"end":{"line":176,"column":64}},"176":{"start":{"line":177,"column":0},"end":{"line":177,"column":5}},"177":{"start":{"line":178,"column":0},"end":{"line":178,"column":3}},"187":{"start":{"line":188,"column":0},"end":{"line":188,"column":29}},"188":{"start":{"line":189,"column":0},"end":{"line":189,"column":43}},"189":{"start":{"line":190,"column":0},"end":{"line":190,"column":41}},"190":{"start":{"line":191,"column":0},"end":{"line":191,"column":3}},"191":{"start":{"line":192,"column":0},"end":{"line":192,"column":70}},"192":{"start":{"line":193,"column":0},"end":{"line":193,"column":3}},"204":{"start":{"line":205,"column":0},"end":{"line":205,"column":35}},"205":{"start":{"line":206,"column":0},"end":{"line":206,"column":21}},"206":{"start":{"line":207,"column":0},"end":{"line":207,"column":66}},"207":{"start":{"line":208,"column":0},"end":{"line":208,"column":3}},"214":{"start":{"line":215,"column":0},"end":{"line":215,"column":27}},"215":{"start":{"line":216,"column":0},"end":{"line":216,"column":41}},"216":{"start":{"line":217,"column":0},"end":{"line":217,"column":70}},"217":{"start":{"line":218,"column":0},"end":{"line":218,"column":5}},"218":{"start":{"line":219,"column":0},"end":{"line":219,"column":16}},"219":{"start":{"line":220,"column":0},"end":{"line":220,"column":2}},"226":{"start":{"line":227,"column":0},"end":{"line":227,"column":26}},"227":{"start":{"line":228,"column":0},"end":{"line":228,"column":16}},"228":{"start":{"line":229,"column":0},"end":{"line":229,"column":2}},"231":{"start":{"line":232,"column":0},"end":{"line":232,"column":38}},"232":{"start":{"line":233,"column":0},"end":{"line":233,"column":16}},"233":{"start":{"line":234,"column":0},"end":{"line":234,"column":1}},"236":{"start":{"line":237,"column":0},"end":{"line":237,"column":50}}},"s":{"5":1,"6":1,"7":1,"9":1,"10":1,"12":1,"13":1,"16":1,"26":1,"27":1,"28":1,"29":1,"30":1,"31":1,"32":1,"33":1,"43":1,"44":1,"45":1,"46":1,"47":1,"48":1,"49":1,"50":1,"51":1,"52":1,"53":1,"63":1,"64":4,"65":4,"66":1,"67":3,"69":4,"70":4,"71":4,"72":4,"73":4,"83":1,"84":8,"86":8,"87":1,"88":1,"90":7,"91":7,"92":7,"93":7,"94":7,"95":7,"96":7,"97":7,"99":7,"101":7,"102":7,"103":7,"104":7,"105":7,"115":1,"116":5,"117":5,"119":5,"120":1,"121":1,"123":5,"124":1,"125":1,"127":3,"129":3,"130":3,"131":3,"132":3,"133":3,"143":1,"144":3,"145":3,"147":3,"148":1,"149":1,"151":3,"152":1,"153":1,"155":1,"157":1,"158":1,"159":1,"160":1,"161":1,"171":1,"172":1,"173":1,"174":1,"175":1,"176":1,"177":1,"187":1,"188":2,"189":1,"190":1,"191":1,"192":1,"204":1,"205":1,"206":1,"207":1,"214":1,"215":1,"216":1,"217":1,"218":1,"219":1,"226":1,"227":13,"228":13,"231":1,"232":0,"233":0,"236":1},"branchMap":{"0":{"type":"branch","line":232,"loc":{"start":{"line":232,"column":37},"end":{"line":234,"column":1}},"locations":[{"start":{"line":232,"column":37},"end":{"line":234,"column":1}}]},"1":{"type":"branch","line":27,"loc":{"start":{"line":27,"column":19},"end":{"line":34,"column":3}},"locations":[{"start":{"line":27,"column":19},"end":{"line":34,"column":3}}]},"2":{"type":"branch","line":44,"loc":{"start":{"line":44,"column":16},"end":{"line":54,"column":3}},"locations":[{"start":{"line":44,"column":16},"end":{"line":54,"column":3}}]},"3":{"type":"branch","line":64,"loc":{"start":{"line":64,"column":25},"end":{"line":74,"column":3}},"locations":[{"start":{"line":64,"column":25},"end":{"line":74,"column":3}}]},"4":{"type":"branch","line":66,"loc":{"start":{"line":66,"column":27},"end":{"line":67,"column":15}},"locations":[{"start":{"line":66,"column":27},"end":{"line":67,"column":15}}]},"5":{"type":"branch","line":67,"loc":{"start":{"line":67,"column":6},"end":{"line":68,"column":45}},"locations":[{"start":{"line":67,"column":6},"end":{"line":68,"column":45}}]},"6":{"type":"branch","line":72,"loc":{"start":{"line":72,"column":13},"end":{"line":72,"column":76}},"locations":[{"start":{"line":72,"column":13},"end":{"line":72,"column":76}}]},"7":{"type":"branch","line":72,"loc":{"start":{"line":72,"column":30},"end":{"line":72,"column":103}},"locations":[{"start":{"line":72,"column":30},"end":{"line":72,"column":103}}]},"8":{"type":"branch","line":68,"loc":{"start":{"line":68,"column":22},"end":{"line":68,"column":43}},"locations":[{"start":{"line":68,"column":22},"end":{"line":68,"column":43}}]},"9":{"type":"branch","line":84,"loc":{"start":{"line":84,"column":26},"end":{"line":106,"column":3}},"locations":[{"start":{"line":84,"column":26},"end":{"line":106,"column":3}}]},"10":{"type":"branch","line":87,"loc":{"start":{"line":87,"column":28},"end":{"line":89,"column":3}},"locations":[{"start":{"line":87,"column":28},"end":{"line":89,"column":3}}]},"11":{"type":"branch","line":89,"loc":{"start":{"line":89,"column":2},"end":{"line":106,"column":3}},"locations":[{"start":{"line":89,"column":2},"end":{"line":106,"column":3}}]},"12":{"type":"branch","line":116,"loc":{"start":{"line":116,"column":32},"end":{"line":134,"column":3}},"locations":[{"start":{"line":116,"column":32},"end":{"line":134,"column":3}}]},"13":{"type":"branch","line":120,"loc":{"start":{"line":120,"column":27},"end":{"line":122,"column":3}},"locations":[{"start":{"line":120,"column":27},"end":{"line":122,"column":3}}]},"14":{"type":"branch","line":122,"loc":{"start":{"line":122,"column":2},"end":{"line":124,"column":40}},"locations":[{"start":{"line":122,"column":2},"end":{"line":124,"column":40}}]},"15":{"type":"branch","line":124,"loc":{"start":{"line":124,"column":40},"end":{"line":126,"column":3}},"locations":[{"start":{"line":124,"column":40},"end":{"line":126,"column":3}}]},"16":{"type":"branch","line":126,"loc":{"start":{"line":126,"column":2},"end":{"line":134,"column":3}},"locations":[{"start":{"line":126,"column":2},"end":{"line":134,"column":3}}]},"17":{"type":"branch","line":118,"loc":{"start":{"line":118,"column":42},"end":{"line":118,"column":62}},"locations":[{"start":{"line":118,"column":42},"end":{"line":118,"column":62}}]},"18":{"type":"branch","line":144,"loc":{"start":{"line":144,"column":39},"end":{"line":162,"column":3}},"locations":[{"start":{"line":144,"column":39},"end":{"line":162,"column":3}}]},"19":{"type":"branch","line":148,"loc":{"start":{"line":148,"column":27},"end":{"line":150,"column":3}},"locations":[{"start":{"line":148,"column":27},"end":{"line":150,"column":3}}]},"20":{"type":"branch","line":150,"loc":{"start":{"line":150,"column":2},"end":{"line":152,"column":41}},"locations":[{"start":{"line":150,"column":2},"end":{"line":152,"column":41}}]},"21":{"type":"branch","line":152,"loc":{"start":{"line":152,"column":41},"end":{"line":162,"column":3}},"locations":[{"start":{"line":152,"column":41},"end":{"line":162,"column":3}}]},"22":{"type":"branch","line":146,"loc":{"start":{"line":146,"column":42},"end":{"line":146,"column":62}},"locations":[{"start":{"line":146,"column":42},"end":{"line":146,"column":62}}]},"23":{"type":"branch","line":172,"loc":{"start":{"line":172,"column":34},"end":{"line":178,"column":3}},"locations":[{"start":{"line":172,"column":34},"end":{"line":178,"column":3}}]},"24":{"type":"branch","line":188,"loc":{"start":{"line":188,"column":8},"end":{"line":193,"column":3}},"locations":[{"start":{"line":188,"column":8},"end":{"line":193,"column":3}}]},"25":{"type":"branch","line":189,"loc":{"start":{"line":189,"column":42},"end":{"line":193,"column":3}},"locations":[{"start":{"line":189,"column":42},"end":{"line":193,"column":3}}]},"26":{"type":"branch","line":205,"loc":{"start":{"line":205,"column":8},"end":{"line":208,"column":3}},"locations":[{"start":{"line":205,"column":8},"end":{"line":208,"column":3}}]},"27":{"type":"branch","line":215,"loc":{"start":{"line":215,"column":20},"end":{"line":220,"column":2}},"locations":[{"start":{"line":215,"column":20},"end":{"line":220,"column":2}}]},"28":{"type":"branch","line":216,"loc":{"start":{"line":216,"column":34},"end":{"line":218,"column":3}},"locations":[{"start":{"line":216,"column":34},"end":{"line":218,"column":3}}]},"29":{"type":"branch","line":227,"loc":{"start":{"line":227,"column":19},"end":{"line":229,"column":2}},"locations":[{"start":{"line":227,"column":19},"end":{"line":229,"column":2}}]}},"b":{"0":[0],"1":[1],"2":[1],"3":[4],"4":[1],"5":[3],"6":[1],"7":[3],"8":[4],"9":[8],"10":[1],"11":[7],"12":[5],"13":[1],"14":[4],"15":[1],"16":[3],"17":[4],"18":[3],"19":[1],"20":[2],"21":[1],"22":[2],"23":[1],"24":[2],"25":[1],"26":[1],"27":[1],"28":[1],"29":[13]},"fnMap":{"0":{"name":"startServer","decl":{"start":{"line":215,"column":20},"end":{"line":220,"column":2}},"loc":{"start":{"line":215,"column":20},"end":{"line":220,"column":2}},"line":215},"1":{"name":"resetStore","decl":{"start":{"line":227,"column":19},"end":{"line":229,"column":2}},"loc":{"start":{"line":227,"column":19},"end":{"line":229,"column":2}},"line":227}},"f":{"0":1,"1":13}}
}
